ARM GAS  /tmp/ccWKQbyp.s 			page 1


   1              		.cpu cortex-m3
   2              		.eabi_attribute 20, 1
   3              		.eabi_attribute 21, 1
   4              		.eabi_attribute 23, 3
   5              		.eabi_attribute 24, 1
   6              		.eabi_attribute 25, 1
   7              		.eabi_attribute 26, 1
   8              		.eabi_attribute 30, 1
   9              		.eabi_attribute 34, 1
  10              		.eabi_attribute 18, 4
  11              		.file	"stm32f1xx_it.c"
  12              		.text
  13              	.Ltext0:
  14              		.cfi_sections	.debug_frame
  15              		.section	.text.NMI_Handler,"ax",%progbits
  16              		.align	1
  17              		.global	NMI_Handler
  18              		.arch armv7-m
  19              		.syntax unified
  20              		.thumb
  21              		.thumb_func
  22              		.fpu softvfp
  24              	NMI_Handler:
  25              	.LFB68:
  26              		.file 1 "Core/Src/stm32f1xx_it.c"
   1:Core/Src/stm32f1xx_it.c **** /* USER CODE BEGIN Header */
   2:Core/Src/stm32f1xx_it.c **** /**
   3:Core/Src/stm32f1xx_it.c ****   ******************************************************************************
   4:Core/Src/stm32f1xx_it.c ****   * @file    stm32f1xx_it.c
   5:Core/Src/stm32f1xx_it.c ****   * @brief   Interrupt Service Routines.
   6:Core/Src/stm32f1xx_it.c ****   ******************************************************************************
   7:Core/Src/stm32f1xx_it.c ****   * @attention
   8:Core/Src/stm32f1xx_it.c ****   *
   9:Core/Src/stm32f1xx_it.c ****   * Copyright (c) 2023 STMicroelectronics.
  10:Core/Src/stm32f1xx_it.c ****   * All rights reserved.
  11:Core/Src/stm32f1xx_it.c ****   *
  12:Core/Src/stm32f1xx_it.c ****   * This software is licensed under terms that can be found in the LICENSE file
  13:Core/Src/stm32f1xx_it.c ****   * in the root directory of this software component.
  14:Core/Src/stm32f1xx_it.c ****   * If no LICENSE file comes with this software, it is provided AS-IS.
  15:Core/Src/stm32f1xx_it.c ****   *
  16:Core/Src/stm32f1xx_it.c ****   ******************************************************************************
  17:Core/Src/stm32f1xx_it.c ****   */
  18:Core/Src/stm32f1xx_it.c **** /* USER CODE END Header */
  19:Core/Src/stm32f1xx_it.c **** 
  20:Core/Src/stm32f1xx_it.c **** /* Includes ------------------------------------------------------------------*/
  21:Core/Src/stm32f1xx_it.c **** #include "main.h"
  22:Core/Src/stm32f1xx_it.c **** #include "stm32f1xx_it.h"
  23:Core/Src/stm32f1xx_it.c **** /* Private includes ----------------------------------------------------------*/
  24:Core/Src/stm32f1xx_it.c **** /* USER CODE BEGIN Includes */
  25:Core/Src/stm32f1xx_it.c **** #include "usb_device.h"
  26:Core/Src/stm32f1xx_it.c **** 
  27:Core/Src/stm32f1xx_it.c **** /* USER CODE END Includes */
  28:Core/Src/stm32f1xx_it.c **** 
  29:Core/Src/stm32f1xx_it.c **** /* Private typedef -----------------------------------------------------------*/
  30:Core/Src/stm32f1xx_it.c **** /* USER CODE BEGIN TD */
  31:Core/Src/stm32f1xx_it.c **** 
  32:Core/Src/stm32f1xx_it.c **** /* USER CODE END TD */
ARM GAS  /tmp/ccWKQbyp.s 			page 2


  33:Core/Src/stm32f1xx_it.c **** 
  34:Core/Src/stm32f1xx_it.c **** /* Private define ------------------------------------------------------------*/
  35:Core/Src/stm32f1xx_it.c **** /* USER CODE BEGIN PD */
  36:Core/Src/stm32f1xx_it.c **** 
  37:Core/Src/stm32f1xx_it.c **** /* USER CODE END PD */
  38:Core/Src/stm32f1xx_it.c **** 
  39:Core/Src/stm32f1xx_it.c **** /* Private macro -------------------------------------------------------------*/
  40:Core/Src/stm32f1xx_it.c **** /* USER CODE BEGIN PM */
  41:Core/Src/stm32f1xx_it.c **** 
  42:Core/Src/stm32f1xx_it.c **** /* USER CODE END PM */
  43:Core/Src/stm32f1xx_it.c **** 
  44:Core/Src/stm32f1xx_it.c **** /* Private variables ---------------------------------------------------------*/
  45:Core/Src/stm32f1xx_it.c **** /* USER CODE BEGIN PV */
  46:Core/Src/stm32f1xx_it.c **** 
  47:Core/Src/stm32f1xx_it.c **** /* USER CODE END PV */
  48:Core/Src/stm32f1xx_it.c **** 
  49:Core/Src/stm32f1xx_it.c **** /* Private function prototypes -----------------------------------------------*/
  50:Core/Src/stm32f1xx_it.c **** /* USER CODE BEGIN PFP */
  51:Core/Src/stm32f1xx_it.c **** 
  52:Core/Src/stm32f1xx_it.c **** /* USER CODE END PFP */
  53:Core/Src/stm32f1xx_it.c **** 
  54:Core/Src/stm32f1xx_it.c **** /* Private user code ---------------------------------------------------------*/
  55:Core/Src/stm32f1xx_it.c **** /* USER CODE BEGIN 0 */
  56:Core/Src/stm32f1xx_it.c **** 
  57:Core/Src/stm32f1xx_it.c **** /* USER CODE END 0 */
  58:Core/Src/stm32f1xx_it.c **** 
  59:Core/Src/stm32f1xx_it.c **** /* External variables --------------------------------------------------------*/
  60:Core/Src/stm32f1xx_it.c **** extern TIM_HandleTypeDef htim4;
  61:Core/Src/stm32f1xx_it.c **** 
  62:Core/Src/stm32f1xx_it.c **** /* USER CODE BEGIN EV */
  63:Core/Src/stm32f1xx_it.c **** extern PCD_HandleTypeDef hpcd_USB_FS;
  64:Core/Src/stm32f1xx_it.c **** /* USER CODE END EV */
  65:Core/Src/stm32f1xx_it.c **** 
  66:Core/Src/stm32f1xx_it.c **** /******************************************************************************/
  67:Core/Src/stm32f1xx_it.c **** /*           Cortex-M3 Processor Interruption and Exception Handlers          */
  68:Core/Src/stm32f1xx_it.c **** /******************************************************************************/
  69:Core/Src/stm32f1xx_it.c **** /**
  70:Core/Src/stm32f1xx_it.c ****   * @brief This function handles Non maskable interrupt.
  71:Core/Src/stm32f1xx_it.c ****   */
  72:Core/Src/stm32f1xx_it.c **** void NMI_Handler(void)
  73:Core/Src/stm32f1xx_it.c **** {
  27              		.loc 1 73 1 view -0
  28              		.cfi_startproc
  29              		@ Volatile: function does not return.
  30              		@ args = 0, pretend = 0, frame = 0
  31              		@ frame_needed = 0, uses_anonymous_args = 0
  32              		@ link register save eliminated.
  33              	.L2:
  74:Core/Src/stm32f1xx_it.c ****   /* USER CODE BEGIN NonMaskableInt_IRQn 0 */
  75:Core/Src/stm32f1xx_it.c **** 
  76:Core/Src/stm32f1xx_it.c ****   /* USER CODE END NonMaskableInt_IRQn 0 */
  77:Core/Src/stm32f1xx_it.c ****   /* USER CODE BEGIN NonMaskableInt_IRQn 1 */
  78:Core/Src/stm32f1xx_it.c ****   while (1)
  34              		.loc 1 78 3 discriminator 1 view .LVU1
  79:Core/Src/stm32f1xx_it.c ****   {
  80:Core/Src/stm32f1xx_it.c ****   }
  35              		.loc 1 80 3 discriminator 1 view .LVU2
ARM GAS  /tmp/ccWKQbyp.s 			page 3


  78:Core/Src/stm32f1xx_it.c ****   {
  36              		.loc 1 78 9 discriminator 1 view .LVU3
  37 0000 FEE7     		b	.L2
  38              		.cfi_endproc
  39              	.LFE68:
  41              		.section	.text.HardFault_Handler,"ax",%progbits
  42              		.align	1
  43              		.global	HardFault_Handler
  44              		.syntax unified
  45              		.thumb
  46              		.thumb_func
  47              		.fpu softvfp
  49              	HardFault_Handler:
  50              	.LFB69:
  81:Core/Src/stm32f1xx_it.c ****   /* USER CODE END NonMaskableInt_IRQn 1 */
  82:Core/Src/stm32f1xx_it.c **** }
  83:Core/Src/stm32f1xx_it.c **** 
  84:Core/Src/stm32f1xx_it.c **** /**
  85:Core/Src/stm32f1xx_it.c ****   * @brief This function handles Hard fault interrupt.
  86:Core/Src/stm32f1xx_it.c ****   */
  87:Core/Src/stm32f1xx_it.c **** void HardFault_Handler(void)
  88:Core/Src/stm32f1xx_it.c **** {
  51              		.loc 1 88 1 view -0
  52              		.cfi_startproc
  53              		@ Volatile: function does not return.
  54              		@ args = 0, pretend = 0, frame = 0
  55              		@ frame_needed = 0, uses_anonymous_args = 0
  56              		@ link register save eliminated.
  57              	.L4:
  89:Core/Src/stm32f1xx_it.c ****   /* USER CODE BEGIN HardFault_IRQn 0 */
  90:Core/Src/stm32f1xx_it.c **** 
  91:Core/Src/stm32f1xx_it.c ****   /* USER CODE END HardFault_IRQn 0 */
  92:Core/Src/stm32f1xx_it.c ****   while (1)
  58              		.loc 1 92 3 discriminator 1 view .LVU5
  93:Core/Src/stm32f1xx_it.c ****   {
  94:Core/Src/stm32f1xx_it.c ****     /* USER CODE BEGIN W1_HardFault_IRQn 0 */
  95:Core/Src/stm32f1xx_it.c ****     /* USER CODE END W1_HardFault_IRQn 0 */
  96:Core/Src/stm32f1xx_it.c ****   }
  59              		.loc 1 96 3 discriminator 1 view .LVU6
  92:Core/Src/stm32f1xx_it.c ****   {
  60              		.loc 1 92 9 discriminator 1 view .LVU7
  61 0000 FEE7     		b	.L4
  62              		.cfi_endproc
  63              	.LFE69:
  65              		.section	.text.MemManage_Handler,"ax",%progbits
  66              		.align	1
  67              		.global	MemManage_Handler
  68              		.syntax unified
  69              		.thumb
  70              		.thumb_func
  71              		.fpu softvfp
  73              	MemManage_Handler:
  74              	.LFB70:
  97:Core/Src/stm32f1xx_it.c **** }
  98:Core/Src/stm32f1xx_it.c **** 
  99:Core/Src/stm32f1xx_it.c **** /**
 100:Core/Src/stm32f1xx_it.c ****   * @brief This function handles Memory management fault.
ARM GAS  /tmp/ccWKQbyp.s 			page 4


 101:Core/Src/stm32f1xx_it.c ****   */
 102:Core/Src/stm32f1xx_it.c **** void MemManage_Handler(void)
 103:Core/Src/stm32f1xx_it.c **** {
  75              		.loc 1 103 1 view -0
  76              		.cfi_startproc
  77              		@ Volatile: function does not return.
  78              		@ args = 0, pretend = 0, frame = 0
  79              		@ frame_needed = 0, uses_anonymous_args = 0
  80              		@ link register save eliminated.
  81              	.L6:
 104:Core/Src/stm32f1xx_it.c ****   /* USER CODE BEGIN MemoryManagement_IRQn 0 */
 105:Core/Src/stm32f1xx_it.c **** 
 106:Core/Src/stm32f1xx_it.c ****   /* USER CODE END MemoryManagement_IRQn 0 */
 107:Core/Src/stm32f1xx_it.c ****   while (1)
  82              		.loc 1 107 3 discriminator 1 view .LVU9
 108:Core/Src/stm32f1xx_it.c ****   {
 109:Core/Src/stm32f1xx_it.c ****     /* USER CODE BEGIN W1_MemoryManagement_IRQn 0 */
 110:Core/Src/stm32f1xx_it.c ****     /* USER CODE END W1_MemoryManagement_IRQn 0 */
 111:Core/Src/stm32f1xx_it.c ****   }
  83              		.loc 1 111 3 discriminator 1 view .LVU10
 107:Core/Src/stm32f1xx_it.c ****   {
  84              		.loc 1 107 9 discriminator 1 view .LVU11
  85 0000 FEE7     		b	.L6
  86              		.cfi_endproc
  87              	.LFE70:
  89              		.section	.text.BusFault_Handler,"ax",%progbits
  90              		.align	1
  91              		.global	BusFault_Handler
  92              		.syntax unified
  93              		.thumb
  94              		.thumb_func
  95              		.fpu softvfp
  97              	BusFault_Handler:
  98              	.LFB71:
 112:Core/Src/stm32f1xx_it.c **** }
 113:Core/Src/stm32f1xx_it.c **** 
 114:Core/Src/stm32f1xx_it.c **** /**
 115:Core/Src/stm32f1xx_it.c ****   * @brief This function handles Prefetch fault, memory access fault.
 116:Core/Src/stm32f1xx_it.c ****   */
 117:Core/Src/stm32f1xx_it.c **** void BusFault_Handler(void)
 118:Core/Src/stm32f1xx_it.c **** {
  99              		.loc 1 118 1 view -0
 100              		.cfi_startproc
 101              		@ Volatile: function does not return.
 102              		@ args = 0, pretend = 0, frame = 0
 103              		@ frame_needed = 0, uses_anonymous_args = 0
 104              		@ link register save eliminated.
 105              	.L8:
 119:Core/Src/stm32f1xx_it.c ****   /* USER CODE BEGIN BusFault_IRQn 0 */
 120:Core/Src/stm32f1xx_it.c **** 
 121:Core/Src/stm32f1xx_it.c ****   /* USER CODE END BusFault_IRQn 0 */
 122:Core/Src/stm32f1xx_it.c ****   while (1)
 106              		.loc 1 122 3 discriminator 1 view .LVU13
 123:Core/Src/stm32f1xx_it.c ****   {
 124:Core/Src/stm32f1xx_it.c ****     /* USER CODE BEGIN W1_BusFault_IRQn 0 */
 125:Core/Src/stm32f1xx_it.c ****     /* USER CODE END W1_BusFault_IRQn 0 */
 126:Core/Src/stm32f1xx_it.c ****   }
ARM GAS  /tmp/ccWKQbyp.s 			page 5


 107              		.loc 1 126 3 discriminator 1 view .LVU14
 122:Core/Src/stm32f1xx_it.c ****   {
 108              		.loc 1 122 9 discriminator 1 view .LVU15
 109 0000 FEE7     		b	.L8
 110              		.cfi_endproc
 111              	.LFE71:
 113              		.section	.text.UsageFault_Handler,"ax",%progbits
 114              		.align	1
 115              		.global	UsageFault_Handler
 116              		.syntax unified
 117              		.thumb
 118              		.thumb_func
 119              		.fpu softvfp
 121              	UsageFault_Handler:
 122              	.LFB72:
 127:Core/Src/stm32f1xx_it.c **** }
 128:Core/Src/stm32f1xx_it.c **** 
 129:Core/Src/stm32f1xx_it.c **** /**
 130:Core/Src/stm32f1xx_it.c ****   * @brief This function handles Undefined instruction or illegal state.
 131:Core/Src/stm32f1xx_it.c ****   */
 132:Core/Src/stm32f1xx_it.c **** void UsageFault_Handler(void)
 133:Core/Src/stm32f1xx_it.c **** {
 123              		.loc 1 133 1 view -0
 124              		.cfi_startproc
 125              		@ Volatile: function does not return.
 126              		@ args = 0, pretend = 0, frame = 0
 127              		@ frame_needed = 0, uses_anonymous_args = 0
 128              		@ link register save eliminated.
 129              	.L10:
 134:Core/Src/stm32f1xx_it.c ****   /* USER CODE BEGIN UsageFault_IRQn 0 */
 135:Core/Src/stm32f1xx_it.c **** 
 136:Core/Src/stm32f1xx_it.c ****   /* USER CODE END UsageFault_IRQn 0 */
 137:Core/Src/stm32f1xx_it.c ****   while (1)
 130              		.loc 1 137 3 discriminator 1 view .LVU17
 138:Core/Src/stm32f1xx_it.c ****   {
 139:Core/Src/stm32f1xx_it.c ****     /* USER CODE BEGIN W1_UsageFault_IRQn 0 */
 140:Core/Src/stm32f1xx_it.c ****     /* USER CODE END W1_UsageFault_IRQn 0 */
 141:Core/Src/stm32f1xx_it.c ****   }
 131              		.loc 1 141 3 discriminator 1 view .LVU18
 137:Core/Src/stm32f1xx_it.c ****   {
 132              		.loc 1 137 9 discriminator 1 view .LVU19
 133 0000 FEE7     		b	.L10
 134              		.cfi_endproc
 135              	.LFE72:
 137              		.section	.text.DebugMon_Handler,"ax",%progbits
 138              		.align	1
 139              		.global	DebugMon_Handler
 140              		.syntax unified
 141              		.thumb
 142              		.thumb_func
 143              		.fpu softvfp
 145              	DebugMon_Handler:
 146              	.LFB73:
 142:Core/Src/stm32f1xx_it.c **** }
 143:Core/Src/stm32f1xx_it.c **** 
 144:Core/Src/stm32f1xx_it.c **** /**
 145:Core/Src/stm32f1xx_it.c ****   * @brief This function handles Debug monitor.
ARM GAS  /tmp/ccWKQbyp.s 			page 6


 146:Core/Src/stm32f1xx_it.c ****   */
 147:Core/Src/stm32f1xx_it.c **** void DebugMon_Handler(void)
 148:Core/Src/stm32f1xx_it.c **** {
 147              		.loc 1 148 1 view -0
 148              		.cfi_startproc
 149              		@ args = 0, pretend = 0, frame = 0
 150              		@ frame_needed = 0, uses_anonymous_args = 0
 151              		@ link register save eliminated.
 149:Core/Src/stm32f1xx_it.c ****   /* USER CODE BEGIN DebugMonitor_IRQn 0 */
 150:Core/Src/stm32f1xx_it.c **** 
 151:Core/Src/stm32f1xx_it.c ****   /* USER CODE END DebugMonitor_IRQn 0 */
 152:Core/Src/stm32f1xx_it.c ****   /* USER CODE BEGIN DebugMonitor_IRQn 1 */
 153:Core/Src/stm32f1xx_it.c **** 
 154:Core/Src/stm32f1xx_it.c ****   /* USER CODE END DebugMonitor_IRQn 1 */
 155:Core/Src/stm32f1xx_it.c **** }
 152              		.loc 1 155 1 view .LVU21
 153 0000 7047     		bx	lr
 154              		.cfi_endproc
 155              	.LFE73:
 157              		.section	.text.TIM4_IRQHandler,"ax",%progbits
 158              		.align	1
 159              		.global	TIM4_IRQHandler
 160              		.syntax unified
 161              		.thumb
 162              		.thumb_func
 163              		.fpu softvfp
 165              	TIM4_IRQHandler:
 166              	.LFB74:
 156:Core/Src/stm32f1xx_it.c **** 
 157:Core/Src/stm32f1xx_it.c **** /******************************************************************************/
 158:Core/Src/stm32f1xx_it.c **** /* STM32F1xx Peripheral Interrupt Handlers                                    */
 159:Core/Src/stm32f1xx_it.c **** /* Add here the Interrupt Handlers for the used peripherals.                  */
 160:Core/Src/stm32f1xx_it.c **** /* For the available peripheral interrupt handler names,                      */
 161:Core/Src/stm32f1xx_it.c **** /* please refer to the startup file (startup_stm32f1xx.s).                    */
 162:Core/Src/stm32f1xx_it.c **** /******************************************************************************/
 163:Core/Src/stm32f1xx_it.c **** 
 164:Core/Src/stm32f1xx_it.c **** /**
 165:Core/Src/stm32f1xx_it.c ****   * @brief This function handles TIM4 global interrupt.
 166:Core/Src/stm32f1xx_it.c ****   */
 167:Core/Src/stm32f1xx_it.c **** void TIM4_IRQHandler(void)
 168:Core/Src/stm32f1xx_it.c **** {
 167              		.loc 1 168 1 view -0
 168              		.cfi_startproc
 169              		@ args = 0, pretend = 0, frame = 0
 170              		@ frame_needed = 0, uses_anonymous_args = 0
 171 0000 08B5     		push	{r3, lr}
 172              	.LCFI0:
 173              		.cfi_def_cfa_offset 8
 174              		.cfi_offset 3, -8
 175              		.cfi_offset 14, -4
 169:Core/Src/stm32f1xx_it.c ****   /* USER CODE BEGIN TIM4_IRQn 0 */
 170:Core/Src/stm32f1xx_it.c **** 
 171:Core/Src/stm32f1xx_it.c ****   /* USER CODE END TIM4_IRQn 0 */
 172:Core/Src/stm32f1xx_it.c ****   HAL_TIM_IRQHandler(&htim4);
 176              		.loc 1 172 3 view .LVU23
 177 0002 0248     		ldr	r0, .L14
 178 0004 FFF7FEFF 		bl	HAL_TIM_IRQHandler
ARM GAS  /tmp/ccWKQbyp.s 			page 7


 179              	.LVL0:
 173:Core/Src/stm32f1xx_it.c ****   /* USER CODE BEGIN TIM4_IRQn 1 */
 174:Core/Src/stm32f1xx_it.c **** 
 175:Core/Src/stm32f1xx_it.c ****   /* USER CODE END TIM4_IRQn 1 */
 176:Core/Src/stm32f1xx_it.c **** }
 180              		.loc 1 176 1 is_stmt 0 view .LVU24
 181 0008 08BD     		pop	{r3, pc}
 182              	.L15:
 183 000a 00BF     		.align	2
 184              	.L14:
 185 000c 00000000 		.word	htim4
 186              		.cfi_endproc
 187              	.LFE74:
 189              		.section	.text.USB_LP_CAN1_RX0_IRQHandler,"ax",%progbits
 190              		.align	1
 191              		.global	USB_LP_CAN1_RX0_IRQHandler
 192              		.syntax unified
 193              		.thumb
 194              		.thumb_func
 195              		.fpu softvfp
 197              	USB_LP_CAN1_RX0_IRQHandler:
 198              	.LFB75:
 177:Core/Src/stm32f1xx_it.c **** 
 178:Core/Src/stm32f1xx_it.c **** /**
 179:Core/Src/stm32f1xx_it.c ****   * @brief This function handles USB low priority or CAN RX0 interrupts.
 180:Core/Src/stm32f1xx_it.c ****   */
 181:Core/Src/stm32f1xx_it.c **** void USB_LP_CAN1_RX0_IRQHandler(void)
 182:Core/Src/stm32f1xx_it.c **** {
 199              		.loc 1 182 1 is_stmt 1 view -0
 200              		.cfi_startproc
 201              		@ args = 0, pretend = 0, frame = 0
 202              		@ frame_needed = 0, uses_anonymous_args = 0
 203 0000 08B5     		push	{r3, lr}
 204              	.LCFI1:
 205              		.cfi_def_cfa_offset 8
 206              		.cfi_offset 3, -8
 207              		.cfi_offset 14, -4
 183:Core/Src/stm32f1xx_it.c ****   /* USER CODE BEGIN USB_LP_CAN1_RX0_IRQn 0 */
 184:Core/Src/stm32f1xx_it.c **** 
 185:Core/Src/stm32f1xx_it.c ****   /* USER CODE END USB_LP_CAN1_RX0_IRQn 0 */
 186:Core/Src/stm32f1xx_it.c ****   HAL_PCD_IRQHandler(&hpcd_USB_FS);
 208              		.loc 1 186 3 view .LVU26
 209 0002 0248     		ldr	r0, .L18
 210 0004 FFF7FEFF 		bl	HAL_PCD_IRQHandler
 211              	.LVL1:
 187:Core/Src/stm32f1xx_it.c ****   /* USER CODE BEGIN USB_LP_CAN1_RX0_IRQn 1 */
 188:Core/Src/stm32f1xx_it.c **** 
 189:Core/Src/stm32f1xx_it.c ****   /* USER CODE END USB_LP_CAN1_RX0_IRQn 1 */
 190:Core/Src/stm32f1xx_it.c **** }
 212              		.loc 1 190 1 is_stmt 0 view .LVU27
 213 0008 08BD     		pop	{r3, pc}
 214              	.L19:
 215 000a 00BF     		.align	2
 216              	.L18:
 217 000c 00000000 		.word	hpcd_USB_FS
 218              		.cfi_endproc
 219              	.LFE75:
ARM GAS  /tmp/ccWKQbyp.s 			page 8


 221              		.text
 222              	.Letext0:
 223              		.file 2 "/usr/lib/gcc/arm-none-eabi/10.3.1/include/stdint.h"
 224              		.file 3 "Drivers/CMSIS/Device/ST/STM32F1xx/Include/stm32f103xe.h"
 225              		.file 4 "Drivers/STM32F1xx_HAL_Driver/Inc/stm32f1xx_hal_def.h"
 226              		.file 5 "Drivers/STM32F1xx_HAL_Driver/Inc/stm32f1xx_hal_dma.h"
 227              		.file 6 "Drivers/STM32F1xx_HAL_Driver/Inc/stm32f1xx_hal_tim.h"
 228              		.file 7 "Drivers/STM32F1xx_HAL_Driver/Inc/stm32f1xx_ll_usb.h"
 229              		.file 8 "Drivers/STM32F1xx_HAL_Driver/Inc/stm32f1xx_hal_pcd.h"
ARM GAS  /tmp/ccWKQbyp.s 			page 9


DEFINED SYMBOLS
                            *ABS*:0000000000000000 stm32f1xx_it.c
     /tmp/ccWKQbyp.s:16     .text.NMI_Handler:0000000000000000 $t
     /tmp/ccWKQbyp.s:24     .text.NMI_Handler:0000000000000000 NMI_Handler
     /tmp/ccWKQbyp.s:42     .text.HardFault_Handler:0000000000000000 $t
     /tmp/ccWKQbyp.s:49     .text.HardFault_Handler:0000000000000000 HardFault_Handler
     /tmp/ccWKQbyp.s:66     .text.MemManage_Handler:0000000000000000 $t
     /tmp/ccWKQbyp.s:73     .text.MemManage_Handler:0000000000000000 MemManage_Handler
     /tmp/ccWKQbyp.s:90     .text.BusFault_Handler:0000000000000000 $t
     /tmp/ccWKQbyp.s:97     .text.BusFault_Handler:0000000000000000 BusFault_Handler
     /tmp/ccWKQbyp.s:114    .text.UsageFault_Handler:0000000000000000 $t
     /tmp/ccWKQbyp.s:121    .text.UsageFault_Handler:0000000000000000 UsageFault_Handler
     /tmp/ccWKQbyp.s:138    .text.DebugMon_Handler:0000000000000000 $t
     /tmp/ccWKQbyp.s:145    .text.DebugMon_Handler:0000000000000000 DebugMon_Handler
     /tmp/ccWKQbyp.s:158    .text.TIM4_IRQHandler:0000000000000000 $t
     /tmp/ccWKQbyp.s:165    .text.TIM4_IRQHandler:0000000000000000 TIM4_IRQHandler
     /tmp/ccWKQbyp.s:185    .text.TIM4_IRQHandler:000000000000000c $d
     /tmp/ccWKQbyp.s:190    .text.USB_LP_CAN1_RX0_IRQHandler:0000000000000000 $t
     /tmp/ccWKQbyp.s:197    .text.USB_LP_CAN1_RX0_IRQHandler:0000000000000000 USB_LP_CAN1_RX0_IRQHandler
     /tmp/ccWKQbyp.s:217    .text.USB_LP_CAN1_RX0_IRQHandler:000000000000000c $d

UNDEFINED SYMBOLS
HAL_TIM_IRQHandler
htim4
HAL_PCD_IRQHandler
hpcd_USB_FS
